mode: atomic
github.com/byron-janrain/uid/errors.go:7.36,9.20 2 16
github.com/byron-janrain/uid/errors.go:9.20,11.3 1 3
github.com/byron-janrain/uid/errors.go:12.2,12.41 1 13
github.com/byron-janrain/uid/errors.go:16.36,16.54 1 14
github.com/byron-janrain/uid/init.go:17.13,17.24 1 1
github.com/byron-janrain/uid/init.go:20.14,22.47 2 2
github.com/byron-janrain/uid/init.go:22.47,23.54 1 1
github.com/byron-janrain/uid/init.go:25.2,25.29 1 1
github.com/byron-janrain/uid/parse.go:16.38,19.18 3 3045
github.com/byron-janrain/uid/parse.go:20.10,21.36 1 1017
github.com/byron-janrain/uid/parse.go:22.10,23.30 1 2
github.com/byron-janrain/uid/parse.go:24.10,25.36 1 1012
github.com/byron-janrain/uid/parse.go:26.10,27.36 1 1012
github.com/byron-janrain/uid/parse.go:30.10,31.27 1 2
github.com/byron-janrain/uid/parse.go:33.2,33.16 1 3043
github.com/byron-janrain/uid/parse.go:33.16,35.3 1 26
github.com/byron-janrain/uid/parse.go:36.2,36.17 1 3043
github.com/byron-janrain/uid/parse.go:40.35,41.16 1 3021
github.com/byron-janrain/uid/parse.go:41.16,42.13 1 14
github.com/byron-janrain/uid/parse.go:44.2,44.10 1 3007
github.com/byron-janrain/uid/parse.go:47.54,49.9 2 1017
github.com/byron-janrain/uid/parse.go:49.9,51.3 1 2
github.com/byron-janrain/uid/parse.go:53.2,53.21 1 1015
github.com/byron-janrain/uid/parse.go:53.21,54.26 1 3
github.com/byron-janrain/uid/parse.go:54.26,56.4 1 2
github.com/byron-janrain/uid/parse.go:57.3,58.13 2 1
github.com/byron-janrain/uid/parse.go:61.2,61.21 1 1012
github.com/byron-janrain/uid/parse.go:61.21,62.26 1 5
github.com/byron-janrain/uid/parse.go:62.26,64.4 1 2
github.com/byron-janrain/uid/parse.go:65.3,66.13 2 3
github.com/byron-janrain/uid/parse.go:69.2,69.91 1 1007
github.com/byron-janrain/uid/parse.go:69.91,71.3 1 2
github.com/byron-janrain/uid/parse.go:72.2,72.26 1 1005
github.com/byron-janrain/uid/parse.go:78.54,81.9 3 1012
github.com/byron-janrain/uid/parse.go:81.9,84.3 1 2
github.com/byron-janrain/uid/parse.go:86.2,86.21 1 1010
github.com/byron-janrain/uid/parse.go:86.21,87.26 1 3
github.com/byron-janrain/uid/parse.go:87.26,89.4 1 2
github.com/byron-janrain/uid/parse.go:90.3,91.13 2 1
github.com/byron-janrain/uid/parse.go:94.2,94.21 1 1007
github.com/byron-janrain/uid/parse.go:94.21,95.26 1 5
github.com/byron-janrain/uid/parse.go:95.26,97.4 1 2
github.com/byron-janrain/uid/parse.go:98.3,99.13 2 3
github.com/byron-janrain/uid/parse.go:102.2,103.16 2 1002
github.com/byron-janrain/uid/parse.go:103.16,105.3 1 2
github.com/byron-janrain/uid/parse.go:106.2,108.26 3 1000
github.com/byron-janrain/uid/parse.go:111.54,114.9 3 1012
github.com/byron-janrain/uid/parse.go:114.9,116.3 1 2
github.com/byron-janrain/uid/parse.go:118.2,118.21 1 1010
github.com/byron-janrain/uid/parse.go:118.21,119.26 1 3
github.com/byron-janrain/uid/parse.go:119.26,121.4 1 2
github.com/byron-janrain/uid/parse.go:122.3,123.13 2 1
github.com/byron-janrain/uid/parse.go:126.2,126.21 1 1007
github.com/byron-janrain/uid/parse.go:126.21,127.26 1 5
github.com/byron-janrain/uid/parse.go:127.26,129.4 1 2
github.com/byron-janrain/uid/parse.go:130.3,131.13 2 3
github.com/byron-janrain/uid/parse.go:134.2,136.16 3 1002
github.com/byron-janrain/uid/parse.go:136.16,138.3 1 2
github.com/byron-janrain/uid/parse.go:139.2,141.26 3 1000
github.com/byron-janrain/uid/parse.go:144.40,145.34 1 3005
github.com/byron-janrain/uid/parse.go:145.34,147.3 1 2
github.com/byron-janrain/uid/parse.go:148.2,148.12 1 3003
github.com/byron-janrain/uid/parse.go:152.45,170.2 12 2000
github.com/byron-janrain/uid/uuid.go:18.33,18.64 1 18946
github.com/byron-janrain/uid/uuid.go:21.31,21.54 1 3001
github.com/byron-janrain/uid/uuid.go:23.32,23.52 1 6006
github.com/byron-janrain/uid/uuid.go:26.30,26.47 1 8
github.com/byron-janrain/uid/uuid.go:29.47,29.69 1 1
github.com/byron-janrain/uid/uuid.go:32.54,35.2 2 2
github.com/byron-janrain/uid/uuid.go:38.31,47.2 8 3011
github.com/byron-janrain/uid/uuid.go:50.45,50.79 1 1
github.com/byron-janrain/uid/uuid.go:53.52,56.2 2 4
github.com/byron-janrain/uid/uuid.go:59.45,59.91 1 3
github.com/byron-janrain/uid/uuid.go:62.52,63.16 1 5
github.com/byron-janrain/uid/uuid.go:63.16,65.3 1 1
github.com/byron-janrain/uid/uuid.go:66.2,67.8 2 4
github.com/byron-janrain/uid/uuid.go:71.34,76.2 3 3003
github.com/byron-janrain/uid/uuid.go:79.34,84.2 3 3003
github.com/byron-janrain/uid/uuid.go:87.17,87.51 1 28
github.com/byron-janrain/uid/uuid.go:90.28,90.54 1 4
github.com/byron-janrain/uid/uuid.go:93.17,93.51 1 17
github.com/byron-janrain/uid/uuid.go:96.28,96.54 1 4
github.com/byron-janrain/uid/uuid.go:99.40,115.2 10 6006
github.com/byron-janrain/uid/uuid.go:118.39,119.60 1 1838
github.com/byron-janrain/uid/uuid.go:119.60,121.3 1 1836
github.com/byron-janrain/uid/uuid.go:122.2,122.42 1 2
github.com/byron-janrain/uid/uuid.go:126.29,126.52 1 1837
github.com/byron-janrain/uid/uuid4.go:4.19,11.2 4 2000003
github.com/byron-janrain/uid/uuid7.go:9.19,9.41 1 2001098
github.com/byron-janrain/uid/uuid7.go:15.32,16.29 1 6261
github.com/byron-janrain/uid/uuid7.go:16.29,18.3 1 3
github.com/byron-janrain/uid/uuid7.go:20.2,24.68 4 6258
github.com/byron-janrain/uid/uuid7.go:28.47,31.12 3 2001842
github.com/byron-janrain/uid/uuid7.go:31.12,32.54 1 1
github.com/byron-janrain/uid/uuid7.go:35.2,43.16 6 2001841
github.com/byron-janrain/uid/uuid7.go:47.42,51.2 3 2001843
github.com/byron-janrain/uid/uuid7.go:53.28,53.53 1 2001098
github.com/byron-janrain/uid/uuid7.go:59.24,59.51 1 744
github.com/byron-janrain/uid/uuid7.go:68.35,71.6 3 744
github.com/byron-janrain/uid/uuid7.go:71.6,73.19 2 744
github.com/byron-janrain/uid/uuid7.go:73.19,77.4 2 2
github.com/byron-janrain/uid/uuid7.go:78.3,78.40 1 742
github.com/byron-janrain/uid/uuid7.go:78.40,82.4 2 742
